<?xml version="1.0" encoding="UTF-8"?>
<testsuites name="Datadriven1nopcommerce" time="143" tests="0" failures="2" errors="0">
   <testsuite name="Datadriven1nopcommerce" tests="0" failures="2" errors="0" time="143" timestamp="2019-02-17 19:28:54" hostname="Ramesh - TEJA" id="Test Suites/Datadriven1nopcommerce">
      <properties>
         <property name="deviceName" value=""/>
         <property name="devicePlatform" value=""/>
         <property name="logFolder" value="C:\\Users\\Ramesh\\Katalon Studio\\Rameshbabu\\Reports\\Datadriven1nopcommerce\\20190217_192847"/>
         <property name="logFiles" value="C:\\Users\\Ramesh\\Katalon Studio\\Rameshbabu\\Reports\\Datadriven1nopcommerce\\20190217_192847\\execution0.log"/>
         <property name="attachments" value="C:\\Users\\Ramesh\\Katalon Studio\\Rameshbabu\\Reports\\Datadriven1nopcommerce\\20190217_192847\\1550412002228.png, C:\\Users\\Ramesh\\Katalon Studio\\Rameshbabu\\Reports\\Datadriven1nopcommerce\\20190217_192847\\1550412072223.png"/>
         <property name="hostName" value="Ramesh - TEJA"/>
         <property name="os" value="Windows 10 64bit"/>
         <property name="katalonVersion" value="5.10.1.1"/>
         <property name="browser" value="Chrome 72.0.3626.109"/>
         <property name="hostAddress" value="192.168.0.117"/>
         <property name="sessionId" value="6baeabe43f12eff060ac19ea0f8994b8"/>
         <property name="seleniumVersion" value="3.7.1"/>
         <property name="proxyInformation" value="ProxyInformation{proxyOption=NO_PROXY, proxyServerType=HTTP, password=, proxyServerAddress=, proxyServerPort=0}"/>
         <property name="platform" value="Windows 10"/>
      </properties>
      <testcase name="Test Cases/Datadriven1nopcommerce" classname="Test Cases/Datadriven1nopcommerce" status="FAILED">
         <failure type="FAILED" message="Test Cases/Datadriven1nopcommerce FAILED.
Reason:
com.kms.katalon.core.exception.StepFailedException: Unable to select option by label 'India' of object 'Object Repository/Datadriven_OR/Datadriven1/Countrydropdown'  (Root cause: com.kms.katalon.core.webui.exception.WebElementNotFoundException: Web element with id: 'Object Repository/Datadriven_OR/Datadriven1/Countrydropdown' located by 'By.xpath: //input[@id=&quot;ctl00_ctl00_cph1_cph1_ctrlCustomerRegister_CreateUserForm_CreateUserStepContainer_ddlCountry&quot;]' not found)
	at com.kms.katalon.core.keyword.internal.KeywordMain.stepFailed(KeywordMain.groovy:36)
	at com.kms.katalon.core.webui.keyword.internal.WebUIKeywordMain.stepFailed(WebUIKeywordMain.groovy:65)
	at com.kms.katalon.core.webui.keyword.internal.WebUIKeywordMain.runKeyword(WebUIKeywordMain.groovy:27)
	at com.kms.katalon.core.webui.keyword.builtin.SelectOptionByLabelKeyword.selectOptionByLabel(SelectOptionByLabelKeyword.groovy:98)
	at com.kms.katalon.core.webui.keyword.builtin.SelectOptionByLabelKeyword.execute(SelectOptionByLabelKeyword.groovy:71)
	at com.kms.katalon.core.keyword.internal.KeywordExecutor.executeKeywordForPlatform(KeywordExecutor.groovy:53)
	at com.kms.katalon.core.webui.keyword.WebUiBuiltInKeywords.selectOptionByLabel(WebUiBuiltInKeywords.groovy:1200)
	at com.kms.katalon.core.webui.keyword.WebUiBuiltInKeywords$selectOptionByLabel$3.call(Unknown Source)
	at Datadriven1nopcommerce.run(Datadriven1nopcommerce:30)
	at com.kms.katalon.core.main.ScriptEngine.run(ScriptEngine.java:194)
	at com.kms.katalon.core.main.ScriptEngine.runScriptAsRawText(ScriptEngine.java:119)
	at com.kms.katalon.core.main.TestCaseExecutor.runScript(TestCaseExecutor.java:328)
	at com.kms.katalon.core.main.TestCaseExecutor.doExecute(TestCaseExecutor.java:319)
	at com.kms.katalon.core.main.TestCaseExecutor.processExecutionPhase(TestCaseExecutor.java:298)
	at com.kms.katalon.core.main.TestCaseExecutor.accessMainPhase(TestCaseExecutor.java:290)
	at com.kms.katalon.core.main.TestCaseExecutor.execute(TestCaseExecutor.java:224)
	at com.kms.katalon.core.main.TestSuiteExecutor.accessTestCaseMainPhase(TestSuiteExecutor.java:129)
	at com.kms.katalon.core.main.TestSuiteExecutor.accessTestSuiteMainPhase(TestSuiteExecutor.java:112)
	at com.kms.katalon.core.main.TestSuiteExecutor.execute(TestSuiteExecutor.java:81)
	at com.kms.katalon.core.main.TestCaseMain.startTestSuite(TestCaseMain.java:149)
	at com.kms.katalon.core.main.TestCaseMain$startTestSuite$0.call(Unknown Source)
	at TempTestSuite1550411927400.run(TempTestSuite1550411927400.groovy:36)
"/>
         <system-out><![CDATA[2019-02-17 19:28:55 - [TEST_CASE][FAILED] - Test Cases/Datadriven1nopcommerce: Test Cases/Datadriven1nopcommerce FAILED.
Reason:
com.kms.katalon.core.exception.StepFailedException: Unable to select option by label 'India' of object 'Object Repository/Datadriven_OR/Datadriven1/Countrydropdown'  (Root cause: com.kms.katalon.core.webui.exception.WebElementNotFoundException: Web element with id: 'Object Repository/Datadriven_OR/Datadriven1/Countrydropdown' located by 'By.xpath: //input[@id="ctl00_ctl00_cph1_cph1_ctrlCustomerRegister_CreateUserForm_CreateUserStepContainer_ddlCountry"]' not found)
	at com.kms.katalon.core.keyword.internal.KeywordMain.stepFailed(KeywordMain.groovy:36)
	at com.kms.katalon.core.webui.keyword.internal.WebUIKeywordMain.stepFailed(WebUIKeywordMain.groovy:65)
	at com.kms.katalon.core.webui.keyword.internal.WebUIKeywordMain.runKeyword(WebUIKeywordMain.groovy:27)
	at com.kms.katalon.core.webui.keyword.builtin.SelectOptionByLabelKeyword.selectOptionByLabel(SelectOptionByLabelKeyword.groovy:98)
	at com.kms.katalon.core.webui.keyword.builtin.SelectOptionByLabelKeyword.execute(SelectOptionByLabelKeyword.groovy:71)
	at com.kms.katalon.core.keyword.internal.KeywordExecutor.executeKeywordForPlatform(KeywordExecutor.groovy:53)
	at com.kms.katalon.core.webui.keyword.WebUiBuiltInKeywords.selectOptionByLabel(WebUiBuiltInKeywords.groovy:1200)
	at com.kms.katalon.core.webui.keyword.WebUiBuiltInKeywords$selectOptionByLabel$3.call(Unknown Source)
	at Datadriven1nopcommerce.run(Datadriven1nopcommerce:30)
	at com.kms.katalon.core.main.ScriptEngine.run(ScriptEngine.java:194)
	at com.kms.katalon.core.main.ScriptEngine.runScriptAsRawText(ScriptEngine.java:119)
	at com.kms.katalon.core.main.TestCaseExecutor.runScript(TestCaseExecutor.java:328)
	at com.kms.katalon.core.main.TestCaseExecutor.doExecute(TestCaseExecutor.java:319)
	at com.kms.katalon.core.main.TestCaseExecutor.processExecutionPhase(TestCaseExecutor.java:298)
	at com.kms.katalon.core.main.TestCaseExecutor.accessMainPhase(TestCaseExecutor.java:290)
	at com.kms.katalon.core.main.TestCaseExecutor.execute(TestCaseExecutor.java:224)
	at com.kms.katalon.core.main.TestSuiteExecutor.accessTestCaseMainPhase(TestSuiteExecutor.java:129)
	at com.kms.katalon.core.main.TestSuiteExecutor.accessTestSuiteMainPhase(TestSuiteExecutor.java:112)
	at com.kms.katalon.core.main.TestSuiteExecutor.execute(TestSuiteExecutor.java:81)
	at com.kms.katalon.core.main.TestCaseMain.startTestSuite(TestCaseMain.java:149)
	at com.kms.katalon.core.main.TestCaseMain$startTestSuite$0.call(Unknown Source)
	at TempTestSuite1550411927400.run(TempTestSuite1550411927400.groovy:36)


2019-02-17 19:28:56 - [TEST_STEP][ERROR] - Start listener action : sampleBeforeTestCase: com.kms.katalon.core.exception.StepFailedException: Unable to navigate to 'https://accounts.google.com/signup' (Root cause: com.kms.katalon.core.webui.exception.BrowserNotOpenedException: Browser is not opened
Build info: version: '3.7.1', revision: '8a0099a', time: '2017-11-06T21:07:36.161Z'
System info: host: 'TEJA', ip: '192.168.0.117', os.name: 'Windows 10', os.arch: 'amd64', os.version: '10.0', java.version: '1.8.0_181'
Driver info: driver.version: unknown)

2019-02-17 19:28:56 - [TEST_STEP][PASSED] - println(testCaseContext.getTestCaseId()): null

2019-02-17 19:28:56 - [TEST_STEP][PASSED] - println(testCaseContext.getTestCaseVariables()): null

2019-02-17 19:28:56 - [TEST_STEP][ERROR] - navigateToUrl("https://accounts.google.com/signup"): com.kms.katalon.core.exception.StepFailedException: Unable to navigate to 'https://accounts.google.com/signup' (Root cause: com.kms.katalon.core.webui.exception.BrowserNotOpenedException: Browser is not opened
Build info: version: '3.7.1', revision: '8a0099a', time: '2017-11-06T21:07:36.161Z'
System info: host: 'TEJA', ip: '192.168.0.117', os.name: 'Windows 10', os.arch: 'amd64', os.version: '10.0', java.version: '1.8.0_181'
Driver info: driver.version: unknown)

2019-02-17 19:28:56 - [MESSAGE][WARNING] - Cannot take screenshot

2019-02-17 19:28:56 - [MESSAGE][FAILED] - Unable to navigate to 'https://accounts.google.com/signup' (Root cause: com.kms.katalon.core.webui.exception.BrowserNotOpenedException: Browser is not opened
Build info: version: '3.7.1', revision: '8a0099a', time: '2017-11-06T21:07:36.161Z'
System info: host: 'TEJA', ip: '192.168.0.117', os.name: 'Windows 10', os.arch: 'amd64', os.version: '10.0', java.version: '1.8.0_181'
Driver info: driver.version: unknown)

2019-02-17 19:28:56 - [MESSAGE][ERROR] - com.kms.katalon.core.exception.StepFailedException: Unable to navigate to 'https://accounts.google.com/signup' (Root cause: com.kms.katalon.core.webui.exception.BrowserNotOpenedException: Browser is not opened
Build info: version: '3.7.1', revision: '8a0099a', time: '2017-11-06T21:07:36.161Z'
System info: host: 'TEJA', ip: '192.168.0.117', os.name: 'Windows 10', os.arch: 'amd64', os.version: '10.0', java.version: '1.8.0_181'
Driver info: driver.version: unknown)

2019-02-17 19:28:56 - [TEST_STEP][PASSED] - Start listener action : sampleBeforeTestCase: null

2019-02-17 19:28:56 - [TEST_STEP][PASSED] - println(testCaseContext.getTestCaseId()): null

2019-02-17 19:28:56 - [TEST_STEP][PASSED] - println(testCaseContext.getTestCaseVariables()): null

2019-02-17 19:28:57 - [TEST_STEP][PASSED] - openBrowser(""): Browser is opened with url: ''

2019-02-17 19:28:57 - [MESSAGE][INFO] - Starting 'Chrome' driver

2019-02-17 19:28:57 - [MESSAGE][INFO] - Action delay is set to 2 seconds

2019-02-17 19:29:14 - [MESSAGE][PASSED] - Browser is opened with url: ''

2019-02-17 19:29:14 - [TEST_STEP][PASSED] - navigateToUrl("https://www.nopcommerce.com/register.aspx"): Navigate to 'https://www.nopcommerce.com/register.aspx' successfully

2019-02-17 19:29:21 - [MESSAGE][PASSED] - Navigate to 'https://www.nopcommerce.com/register.aspx' successfully

2019-02-17 19:29:21 - [TEST_STEP][PASSED] - maximizeWindow(): Current window maximized

2019-02-17 19:29:24 - [MESSAGE][PASSED] - Current window maximized

2019-02-17 19:29:24 - [TEST_STEP][PASSED] - setText(findTestObject("Datadriven_OR/Datadriven1/FirstName"), FirstName): Text 'Rameshbabu' is set on object 'Object Repository/Datadriven_OR/Datadriven1/FirstName'

2019-02-17 19:29:34 - [MESSAGE][PASSED] - Text 'Rameshbabu' is set on object 'Object Repository/Datadriven_OR/Datadriven1/FirstName'

2019-02-17 19:29:34 - [TEST_STEP][PASSED] - setText(findTestObject("Datadriven_OR/Datadriven1/Lastname"), LastName): Text 'Gvs' is set on object 'Object Repository/Datadriven_OR/Datadriven1/Lastname'

2019-02-17 19:29:42 - [MESSAGE][PASSED] - Text 'Gvs' is set on object 'Object Repository/Datadriven_OR/Datadriven1/Lastname'

2019-02-17 19:29:42 - [TEST_STEP][PASSED] - setText(findTestObject("Datadriven_OR/Datadriven1/E-Mail"), EMail): Text 'ramgvs4@gmail.com' is set on object 'Object Repository/Datadriven_OR/Datadriven1/E-Mail'

2019-02-17 19:29:51 - [MESSAGE][PASSED] - Text 'ramgvs4@gmail.com' is set on object 'Object Repository/Datadriven_OR/Datadriven1/E-Mail'

2019-02-17 19:29:51 - [TEST_STEP][PASSED] - setText(findTestObject("Datadriven_OR/Datadriven1/Username"), Username): Text 'Ramgvs' is set on object 'Object Repository/Datadriven_OR/Datadriven1/Username'

2019-02-17 19:29:59 - [MESSAGE][PASSED] - Text 'Ramgvs' is set on object 'Object Repository/Datadriven_OR/Datadriven1/Username'

2019-02-17 19:29:59 - [TEST_STEP][FAILED] - selectOptionByLabel(findTestObject("Datadriven_OR/Datadriven1/Countrydropdown"), Country, false): selectOptionByLabel(findTestObject("Datadriven_OR/Datadriven1/Countrydropdown"), Country, false) FAILED.
Reason:
com.kms.katalon.core.exception.StepFailedException: Unable to select option by label 'India' of object 'Object Repository/Datadriven_OR/Datadriven1/Countrydropdown'  (Root cause: com.kms.katalon.core.webui.exception.WebElementNotFoundException: Web element with id: 'Object Repository/Datadriven_OR/Datadriven1/Countrydropdown' located by 'By.xpath: //input[@id="ctl00_ctl00_cph1_cph1_ctrlCustomerRegister_CreateUserForm_CreateUserStepContainer_ddlCountry"]' not found)
	at com.kms.katalon.core.keyword.internal.KeywordMain.stepFailed(KeywordMain.groovy:36)
	at com.kms.katalon.core.webui.keyword.internal.WebUIKeywordMain.stepFailed(WebUIKeywordMain.groovy:65)
	at com.kms.katalon.core.webui.keyword.internal.WebUIKeywordMain.runKeyword(WebUIKeywordMain.groovy:27)
	at com.kms.katalon.core.webui.keyword.builtin.SelectOptionByLabelKeyword.selectOptionByLabel(SelectOptionByLabelKeyword.groovy:98)
	at com.kms.katalon.core.webui.keyword.builtin.SelectOptionByLabelKeyword.execute(SelectOptionByLabelKeyword.groovy:71)
	at com.kms.katalon.core.keyword.internal.KeywordExecutor.executeKeywordForPlatform(KeywordExecutor.groovy:53)
	at com.kms.katalon.core.webui.keyword.WebUiBuiltInKeywords.selectOptionByLabel(WebUiBuiltInKeywords.groovy:1200)
	at com.kms.katalon.core.webui.keyword.WebUiBuiltInKeywords$selectOptionByLabel$3.call(Unknown Source)
	at Datadriven1nopcommerce.run(Datadriven1nopcommerce:30)
	at com.kms.katalon.core.main.ScriptEngine.run(ScriptEngine.java:194)
	at com.kms.katalon.core.main.ScriptEngine.runScriptAsRawText(ScriptEngine.java:119)
	at com.kms.katalon.core.main.TestCaseExecutor.runScript(TestCaseExecutor.java:328)
	at com.kms.katalon.core.main.TestCaseExecutor.doExecute(TestCaseExecutor.java:319)
	at com.kms.katalon.core.main.TestCaseExecutor.processExecutionPhase(TestCaseExecutor.java:298)
	at com.kms.katalon.core.main.TestCaseExecutor.accessMainPhase(TestCaseExecutor.java:290)
	at com.kms.katalon.core.main.TestCaseExecutor.execute(TestCaseExecutor.java:224)
	at com.kms.katalon.core.main.TestSuiteExecutor.accessTestCaseMainPhase(TestSuiteExecutor.java:129)
	at com.kms.katalon.core.main.TestSuiteExecutor.accessTestSuiteMainPhase(TestSuiteExecutor.java:112)
	at com.kms.katalon.core.main.TestSuiteExecutor.execute(TestSuiteExecutor.java:81)
	at com.kms.katalon.core.main.TestCaseMain.startTestSuite(TestCaseMain.java:149)
	at com.kms.katalon.core.main.TestCaseMain$startTestSuite$0.call(Unknown Source)
	at TempTestSuite1550411927400.run(TempTestSuite1550411927400.groovy:36)


2019-02-17 19:30:02 - [MESSAGE][INFO] - Unable to find the element located by 'By.xpath: //input[@id="ctl00_ctl00_cph1_cph1_ctrlCustomerRegister_CreateUserForm_CreateUserStepContainer_ddlCountry"]'. Please recheck the objects properties to make sure the desired element is located. 

2019-02-17 19:30:04 - [MESSAGE][FAILED] - Unable to select option by label 'India' of object 'Object Repository/Datadriven_OR/Datadriven1/Countrydropdown'  (Root cause: com.kms.katalon.core.webui.exception.WebElementNotFoundException: Web element with id: 'Object Repository/Datadriven_OR/Datadriven1/Countrydropdown' located by 'By.xpath: //input[@id="ctl00_ctl00_cph1_cph1_ctrlCustomerRegister_CreateUserForm_CreateUserStepContainer_ddlCountry"]' not found)
[[ATTACHMENT|C:\\Users\\Ramesh\\Katalon Studio\\Rameshbabu\\Reports\\Datadriven1nopcommerce\\20190217_192847\\1550412002228.png]]

2019-02-17 19:30:05 - [MESSAGE][FAILED] - selectOptionByLabel(findTestObject("Datadriven_OR/Datadriven1/Countrydropdown"), Country, false) FAILED.
Reason:
com.kms.katalon.core.exception.StepFailedException: Unable to select option by label 'India' of object 'Object Repository/Datadriven_OR/Datadriven1/Countrydropdown'  (Root cause: com.kms.katalon.core.webui.exception.WebElementNotFoundException: Web element with id: 'Object Repository/Datadriven_OR/Datadriven1/Countrydropdown' located by 'By.xpath: //input[@id="ctl00_ctl00_cph1_cph1_ctrlCustomerRegister_CreateUserForm_CreateUserStepContainer_ddlCountry"]' not found)
	at com.kms.katalon.core.keyword.internal.KeywordMain.stepFailed(KeywordMain.groovy:36)
	at com.kms.katalon.core.webui.keyword.internal.WebUIKeywordMain.stepFailed(WebUIKeywordMain.groovy:65)
	at com.kms.katalon.core.webui.keyword.internal.WebUIKeywordMain.runKeyword(WebUIKeywordMain.groovy:27)
	at com.kms.katalon.core.webui.keyword.builtin.SelectOptionByLabelKeyword.selectOptionByLabel(SelectOptionByLabelKeyword.groovy:98)
	at com.kms.katalon.core.webui.keyword.builtin.SelectOptionByLabelKeyword.execute(SelectOptionByLabelKeyword.groovy:71)
	at com.kms.katalon.core.keyword.internal.KeywordExecutor.executeKeywordForPlatform(KeywordExecutor.groovy:53)
	at com.kms.katalon.core.webui.keyword.WebUiBuiltInKeywords.selectOptionByLabel(WebUiBuiltInKeywords.groovy:1200)
	at com.kms.katalon.core.webui.keyword.WebUiBuiltInKeywords$selectOptionByLabel$3.call(Unknown Source)
	at Datadriven1nopcommerce.run(Datadriven1nopcommerce:30)
	at com.kms.katalon.core.main.ScriptEngine.run(ScriptEngine.java:194)
	at com.kms.katalon.core.main.ScriptEngine.runScriptAsRawText(ScriptEngine.java:119)
	at com.kms.katalon.core.main.TestCaseExecutor.runScript(TestCaseExecutor.java:328)
	at com.kms.katalon.core.main.TestCaseExecutor.doExecute(TestCaseExecutor.java:319)
	at com.kms.katalon.core.main.TestCaseExecutor.processExecutionPhase(TestCaseExecutor.java:298)
	at com.kms.katalon.core.main.TestCaseExecutor.accessMainPhase(TestCaseExecutor.java:290)
	at com.kms.katalon.core.main.TestCaseExecutor.execute(TestCaseExecutor.java:224)
	at com.kms.katalon.core.main.TestSuiteExecutor.accessTestCaseMainPhase(TestSuiteExecutor.java:129)
	at com.kms.katalon.core.main.TestSuiteExecutor.accessTestSuiteMainPhase(TestSuiteExecutor.java:112)
	at com.kms.katalon.core.main.TestSuiteExecutor.execute(TestSuiteExecutor.java:81)
	at com.kms.katalon.core.main.TestCaseMain.startTestSuite(TestCaseMain.java:149)
	at com.kms.katalon.core.main.TestCaseMain$startTestSuite$0.call(Unknown Source)
	at TempTestSuite1550411927400.run(TempTestSuite1550411927400.groovy:36)


2019-02-17 19:30:05 - [TEST_STEP][PASSED] - Start listener action : sampleAfterTestCase: Browser is closed

2019-02-17 19:30:05 - [TEST_STEP][PASSED] - println(testCaseContext.getTestCaseId()): null

2019-02-17 19:30:05 - [TEST_STEP][PASSED] - println(testCaseContext.getTestCaseStatus()): null

2019-02-17 19:30:05 - [TEST_STEP][PASSED] - closeBrowser(): Browser is closed

2019-02-17 19:30:08 - [MESSAGE][PASSED] - Browser is closed

2019-02-17 19:30:08 - [TEST_STEP][PASSED] - Start listener action : sampleAfterTestCase: null

2019-02-17 19:30:08 - [TEST_STEP][PASSED] - println(testCaseContext.getTestCaseId()): null

2019-02-17 19:30:08 - [TEST_STEP][PASSED] - println(testCaseContext.getTestCaseStatus()): null]]></system-out>
         <system-err><![CDATA[2019-02-17 19:28:55 - [TEST_CASE][FAILED] - Test Cases/Datadriven1nopcommerce: Test Cases/Datadriven1nopcommerce FAILED.
Reason:
com.kms.katalon.core.exception.StepFailedException: Unable to select option by label 'India' of object 'Object Repository/Datadriven_OR/Datadriven1/Countrydropdown'  (Root cause: com.kms.katalon.core.webui.exception.WebElementNotFoundException: Web element with id: 'Object Repository/Datadriven_OR/Datadriven1/Countrydropdown' located by 'By.xpath: //input[@id="ctl00_ctl00_cph1_cph1_ctrlCustomerRegister_CreateUserForm_CreateUserStepContainer_ddlCountry"]' not found)
	at com.kms.katalon.core.keyword.internal.KeywordMain.stepFailed(KeywordMain.groovy:36)
	at com.kms.katalon.core.webui.keyword.internal.WebUIKeywordMain.stepFailed(WebUIKeywordMain.groovy:65)
	at com.kms.katalon.core.webui.keyword.internal.WebUIKeywordMain.runKeyword(WebUIKeywordMain.groovy:27)
	at com.kms.katalon.core.webui.keyword.builtin.SelectOptionByLabelKeyword.selectOptionByLabel(SelectOptionByLabelKeyword.groovy:98)
	at com.kms.katalon.core.webui.keyword.builtin.SelectOptionByLabelKeyword.execute(SelectOptionByLabelKeyword.groovy:71)
	at com.kms.katalon.core.keyword.internal.KeywordExecutor.executeKeywordForPlatform(KeywordExecutor.groovy:53)
	at com.kms.katalon.core.webui.keyword.WebUiBuiltInKeywords.selectOptionByLabel(WebUiBuiltInKeywords.groovy:1200)
	at com.kms.katalon.core.webui.keyword.WebUiBuiltInKeywords$selectOptionByLabel$3.call(Unknown Source)
	at Datadriven1nopcommerce.run(Datadriven1nopcommerce:30)
	at com.kms.katalon.core.main.ScriptEngine.run(ScriptEngine.java:194)
	at com.kms.katalon.core.main.ScriptEngine.runScriptAsRawText(ScriptEngine.java:119)
	at com.kms.katalon.core.main.TestCaseExecutor.runScript(TestCaseExecutor.java:328)
	at com.kms.katalon.core.main.TestCaseExecutor.doExecute(TestCaseExecutor.java:319)
	at com.kms.katalon.core.main.TestCaseExecutor.processExecutionPhase(TestCaseExecutor.java:298)
	at com.kms.katalon.core.main.TestCaseExecutor.accessMainPhase(TestCaseExecutor.java:290)
	at com.kms.katalon.core.main.TestCaseExecutor.execute(TestCaseExecutor.java:224)
	at com.kms.katalon.core.main.TestSuiteExecutor.accessTestCaseMainPhase(TestSuiteExecutor.java:129)
	at com.kms.katalon.core.main.TestSuiteExecutor.accessTestSuiteMainPhase(TestSuiteExecutor.java:112)
	at com.kms.katalon.core.main.TestSuiteExecutor.execute(TestSuiteExecutor.java:81)
	at com.kms.katalon.core.main.TestCaseMain.startTestSuite(TestCaseMain.java:149)
	at com.kms.katalon.core.main.TestCaseMain$startTestSuite$0.call(Unknown Source)
	at TempTestSuite1550411927400.run(TempTestSuite1550411927400.groovy:36)]]></system-err>
      </testcase>
      <testcase name="Test Cases/Datadriven1nopcommerce" classname="Test Cases/Datadriven1nopcommerce" status="FAILED">
         <failure type="FAILED" message="Test Cases/Datadriven1nopcommerce FAILED.
Reason:
com.kms.katalon.core.exception.StepFailedException: Unable to select option by label 'India' of object 'Object Repository/Datadriven_OR/Datadriven1/Countrydropdown'  (Root cause: com.kms.katalon.core.webui.exception.WebElementNotFoundException: Web element with id: 'Object Repository/Datadriven_OR/Datadriven1/Countrydropdown' located by 'By.xpath: //input[@id=&quot;ctl00_ctl00_cph1_cph1_ctrlCustomerRegister_CreateUserForm_CreateUserStepContainer_ddlCountry&quot;]' not found)
	at com.kms.katalon.core.keyword.internal.KeywordMain.stepFailed(KeywordMain.groovy:36)
	at com.kms.katalon.core.webui.keyword.internal.WebUIKeywordMain.stepFailed(WebUIKeywordMain.groovy:65)
	at com.kms.katalon.core.webui.keyword.internal.WebUIKeywordMain.runKeyword(WebUIKeywordMain.groovy:27)
	at com.kms.katalon.core.webui.keyword.builtin.SelectOptionByLabelKeyword.selectOptionByLabel(SelectOptionByLabelKeyword.groovy:98)
	at com.kms.katalon.core.webui.keyword.builtin.SelectOptionByLabelKeyword.execute(SelectOptionByLabelKeyword.groovy:71)
	at com.kms.katalon.core.keyword.internal.KeywordExecutor.executeKeywordForPlatform(KeywordExecutor.groovy:53)
	at com.kms.katalon.core.webui.keyword.WebUiBuiltInKeywords.selectOptionByLabel(WebUiBuiltInKeywords.groovy:1200)
	at com.kms.katalon.core.webui.keyword.WebUiBuiltInKeywords$selectOptionByLabel$3.call(Unknown Source)
	at Datadriven1nopcommerce.run(Datadriven1nopcommerce:30)
	at com.kms.katalon.core.main.ScriptEngine.run(ScriptEngine.java:194)
	at com.kms.katalon.core.main.ScriptEngine.runScriptAsRawText(ScriptEngine.java:119)
	at com.kms.katalon.core.main.TestCaseExecutor.runScript(TestCaseExecutor.java:328)
	at com.kms.katalon.core.main.TestCaseExecutor.doExecute(TestCaseExecutor.java:319)
	at com.kms.katalon.core.main.TestCaseExecutor.processExecutionPhase(TestCaseExecutor.java:298)
	at com.kms.katalon.core.main.TestCaseExecutor.accessMainPhase(TestCaseExecutor.java:290)
	at com.kms.katalon.core.main.TestCaseExecutor.execute(TestCaseExecutor.java:224)
	at com.kms.katalon.core.main.TestSuiteExecutor.accessTestCaseMainPhase(TestSuiteExecutor.java:129)
	at com.kms.katalon.core.main.TestSuiteExecutor.accessTestSuiteMainPhase(TestSuiteExecutor.java:112)
	at com.kms.katalon.core.main.TestSuiteExecutor.execute(TestSuiteExecutor.java:81)
	at com.kms.katalon.core.main.TestCaseMain.startTestSuite(TestCaseMain.java:149)
	at com.kms.katalon.core.main.TestCaseMain$startTestSuite$0.call(Unknown Source)
	at TempTestSuite1550411927400.run(TempTestSuite1550411927400.groovy:36)
"/>
         <system-out><![CDATA[2019-02-17 19:30:08 - [TEST_CASE][FAILED] - Test Cases/Datadriven1nopcommerce: Test Cases/Datadriven1nopcommerce FAILED.
Reason:
com.kms.katalon.core.exception.StepFailedException: Unable to select option by label 'India' of object 'Object Repository/Datadriven_OR/Datadriven1/Countrydropdown'  (Root cause: com.kms.katalon.core.webui.exception.WebElementNotFoundException: Web element with id: 'Object Repository/Datadriven_OR/Datadriven1/Countrydropdown' located by 'By.xpath: //input[@id="ctl00_ctl00_cph1_cph1_ctrlCustomerRegister_CreateUserForm_CreateUserStepContainer_ddlCountry"]' not found)
	at com.kms.katalon.core.keyword.internal.KeywordMain.stepFailed(KeywordMain.groovy:36)
	at com.kms.katalon.core.webui.keyword.internal.WebUIKeywordMain.stepFailed(WebUIKeywordMain.groovy:65)
	at com.kms.katalon.core.webui.keyword.internal.WebUIKeywordMain.runKeyword(WebUIKeywordMain.groovy:27)
	at com.kms.katalon.core.webui.keyword.builtin.SelectOptionByLabelKeyword.selectOptionByLabel(SelectOptionByLabelKeyword.groovy:98)
	at com.kms.katalon.core.webui.keyword.builtin.SelectOptionByLabelKeyword.execute(SelectOptionByLabelKeyword.groovy:71)
	at com.kms.katalon.core.keyword.internal.KeywordExecutor.executeKeywordForPlatform(KeywordExecutor.groovy:53)
	at com.kms.katalon.core.webui.keyword.WebUiBuiltInKeywords.selectOptionByLabel(WebUiBuiltInKeywords.groovy:1200)
	at com.kms.katalon.core.webui.keyword.WebUiBuiltInKeywords$selectOptionByLabel$3.call(Unknown Source)
	at Datadriven1nopcommerce.run(Datadriven1nopcommerce:30)
	at com.kms.katalon.core.main.ScriptEngine.run(ScriptEngine.java:194)
	at com.kms.katalon.core.main.ScriptEngine.runScriptAsRawText(ScriptEngine.java:119)
	at com.kms.katalon.core.main.TestCaseExecutor.runScript(TestCaseExecutor.java:328)
	at com.kms.katalon.core.main.TestCaseExecutor.doExecute(TestCaseExecutor.java:319)
	at com.kms.katalon.core.main.TestCaseExecutor.processExecutionPhase(TestCaseExecutor.java:298)
	at com.kms.katalon.core.main.TestCaseExecutor.accessMainPhase(TestCaseExecutor.java:290)
	at com.kms.katalon.core.main.TestCaseExecutor.execute(TestCaseExecutor.java:224)
	at com.kms.katalon.core.main.TestSuiteExecutor.accessTestCaseMainPhase(TestSuiteExecutor.java:129)
	at com.kms.katalon.core.main.TestSuiteExecutor.accessTestSuiteMainPhase(TestSuiteExecutor.java:112)
	at com.kms.katalon.core.main.TestSuiteExecutor.execute(TestSuiteExecutor.java:81)
	at com.kms.katalon.core.main.TestCaseMain.startTestSuite(TestCaseMain.java:149)
	at com.kms.katalon.core.main.TestCaseMain$startTestSuite$0.call(Unknown Source)
	at TempTestSuite1550411927400.run(TempTestSuite1550411927400.groovy:36)


2019-02-17 19:30:08 - [TEST_STEP][ERROR] - Start listener action : sampleBeforeTestCase: com.kms.katalon.core.exception.StepFailedException: Unable to navigate to 'https://accounts.google.com/signup' (Root cause: com.kms.katalon.core.webui.exception.BrowserNotOpenedException: Browser is not opened
Build info: version: '3.7.1', revision: '8a0099a', time: '2017-11-06T21:07:36.161Z'
System info: host: 'TEJA', ip: '192.168.0.117', os.name: 'Windows 10', os.arch: 'amd64', os.version: '10.0', java.version: '1.8.0_181'
Driver info: driver.version: unknown)

2019-02-17 19:30:08 - [TEST_STEP][PASSED] - println(testCaseContext.getTestCaseId()): null

2019-02-17 19:30:08 - [TEST_STEP][PASSED] - println(testCaseContext.getTestCaseVariables()): null

2019-02-17 19:30:08 - [TEST_STEP][ERROR] - navigateToUrl("https://accounts.google.com/signup"): com.kms.katalon.core.exception.StepFailedException: Unable to navigate to 'https://accounts.google.com/signup' (Root cause: com.kms.katalon.core.webui.exception.BrowserNotOpenedException: Browser is not opened
Build info: version: '3.7.1', revision: '8a0099a', time: '2017-11-06T21:07:36.161Z'
System info: host: 'TEJA', ip: '192.168.0.117', os.name: 'Windows 10', os.arch: 'amd64', os.version: '10.0', java.version: '1.8.0_181'
Driver info: driver.version: unknown)

2019-02-17 19:30:08 - [MESSAGE][WARNING] - Cannot take screenshot

2019-02-17 19:30:08 - [MESSAGE][FAILED] - Unable to navigate to 'https://accounts.google.com/signup' (Root cause: com.kms.katalon.core.webui.exception.BrowserNotOpenedException: Browser is not opened
Build info: version: '3.7.1', revision: '8a0099a', time: '2017-11-06T21:07:36.161Z'
System info: host: 'TEJA', ip: '192.168.0.117', os.name: 'Windows 10', os.arch: 'amd64', os.version: '10.0', java.version: '1.8.0_181'
Driver info: driver.version: unknown)

2019-02-17 19:30:08 - [MESSAGE][ERROR] - com.kms.katalon.core.exception.StepFailedException: Unable to navigate to 'https://accounts.google.com/signup' (Root cause: com.kms.katalon.core.webui.exception.BrowserNotOpenedException: Browser is not opened
Build info: version: '3.7.1', revision: '8a0099a', time: '2017-11-06T21:07:36.161Z'
System info: host: 'TEJA', ip: '192.168.0.117', os.name: 'Windows 10', os.arch: 'amd64', os.version: '10.0', java.version: '1.8.0_181'
Driver info: driver.version: unknown)

2019-02-17 19:30:08 - [TEST_STEP][PASSED] - Start listener action : sampleBeforeTestCase: null

2019-02-17 19:30:08 - [TEST_STEP][PASSED] - println(testCaseContext.getTestCaseId()): null

2019-02-17 19:30:08 - [TEST_STEP][PASSED] - println(testCaseContext.getTestCaseVariables()): null

2019-02-17 19:30:08 - [TEST_STEP][PASSED] - openBrowser(""): Browser is opened with url: ''

2019-02-17 19:30:08 - [MESSAGE][INFO] - Starting 'Chrome' driver

2019-02-17 19:30:24 - [MESSAGE][PASSED] - Browser is opened with url: ''

2019-02-17 19:30:24 - [TEST_STEP][PASSED] - navigateToUrl("https://www.nopcommerce.com/register.aspx"): Navigate to 'https://www.nopcommerce.com/register.aspx' successfully

2019-02-17 19:30:32 - [MESSAGE][PASSED] - Navigate to 'https://www.nopcommerce.com/register.aspx' successfully

2019-02-17 19:30:32 - [TEST_STEP][PASSED] - maximizeWindow(): Current window maximized

2019-02-17 19:30:35 - [MESSAGE][PASSED] - Current window maximized

2019-02-17 19:30:35 - [TEST_STEP][PASSED] - setText(findTestObject("Datadriven_OR/Datadriven1/FirstName"), FirstName): Text 'Bhavana' is set on object 'Object Repository/Datadriven_OR/Datadriven1/FirstName'

2019-02-17 19:30:44 - [MESSAGE][PASSED] - Text 'Bhavana' is set on object 'Object Repository/Datadriven_OR/Datadriven1/FirstName'

2019-02-17 19:30:44 - [TEST_STEP][PASSED] - setText(findTestObject("Datadriven_OR/Datadriven1/Lastname"), LastName): Text 'G' is set on object 'Object Repository/Datadriven_OR/Datadriven1/Lastname'

2019-02-17 19:30:52 - [MESSAGE][PASSED] - Text 'G' is set on object 'Object Repository/Datadriven_OR/Datadriven1/Lastname'

2019-02-17 19:30:52 - [TEST_STEP][PASSED] - setText(findTestObject("Datadriven_OR/Datadriven1/E-Mail"), EMail): Text 'bhavana@gmail.com' is set on object 'Object Repository/Datadriven_OR/Datadriven1/E-Mail'

2019-02-17 19:31:01 - [MESSAGE][PASSED] - Text 'bhavana@gmail.com' is set on object 'Object Repository/Datadriven_OR/Datadriven1/E-Mail'

2019-02-17 19:31:01 - [TEST_STEP][PASSED] - setText(findTestObject("Datadriven_OR/Datadriven1/Username"), Username): Text 'Bhavana' is set on object 'Object Repository/Datadriven_OR/Datadriven1/Username'

2019-02-17 19:31:09 - [MESSAGE][PASSED] - Text 'Bhavana' is set on object 'Object Repository/Datadriven_OR/Datadriven1/Username'

2019-02-17 19:31:09 - [TEST_STEP][FAILED] - selectOptionByLabel(findTestObject("Datadriven_OR/Datadriven1/Countrydropdown"), Country, false): selectOptionByLabel(findTestObject("Datadriven_OR/Datadriven1/Countrydropdown"), Country, false) FAILED.
Reason:
com.kms.katalon.core.exception.StepFailedException: Unable to select option by label 'India' of object 'Object Repository/Datadriven_OR/Datadriven1/Countrydropdown'  (Root cause: com.kms.katalon.core.webui.exception.WebElementNotFoundException: Web element with id: 'Object Repository/Datadriven_OR/Datadriven1/Countrydropdown' located by 'By.xpath: //input[@id="ctl00_ctl00_cph1_cph1_ctrlCustomerRegister_CreateUserForm_CreateUserStepContainer_ddlCountry"]' not found)
	at com.kms.katalon.core.keyword.internal.KeywordMain.stepFailed(KeywordMain.groovy:36)
	at com.kms.katalon.core.webui.keyword.internal.WebUIKeywordMain.stepFailed(WebUIKeywordMain.groovy:65)
	at com.kms.katalon.core.webui.keyword.internal.WebUIKeywordMain.runKeyword(WebUIKeywordMain.groovy:27)
	at com.kms.katalon.core.webui.keyword.builtin.SelectOptionByLabelKeyword.selectOptionByLabel(SelectOptionByLabelKeyword.groovy:98)
	at com.kms.katalon.core.webui.keyword.builtin.SelectOptionByLabelKeyword.execute(SelectOptionByLabelKeyword.groovy:71)
	at com.kms.katalon.core.keyword.internal.KeywordExecutor.executeKeywordForPlatform(KeywordExecutor.groovy:53)
	at com.kms.katalon.core.webui.keyword.WebUiBuiltInKeywords.selectOptionByLabel(WebUiBuiltInKeywords.groovy:1200)
	at com.kms.katalon.core.webui.keyword.WebUiBuiltInKeywords$selectOptionByLabel$3.call(Unknown Source)
	at Datadriven1nopcommerce.run(Datadriven1nopcommerce:30)
	at com.kms.katalon.core.main.ScriptEngine.run(ScriptEngine.java:194)
	at com.kms.katalon.core.main.ScriptEngine.runScriptAsRawText(ScriptEngine.java:119)
	at com.kms.katalon.core.main.TestCaseExecutor.runScript(TestCaseExecutor.java:328)
	at com.kms.katalon.core.main.TestCaseExecutor.doExecute(TestCaseExecutor.java:319)
	at com.kms.katalon.core.main.TestCaseExecutor.processExecutionPhase(TestCaseExecutor.java:298)
	at com.kms.katalon.core.main.TestCaseExecutor.accessMainPhase(TestCaseExecutor.java:290)
	at com.kms.katalon.core.main.TestCaseExecutor.execute(TestCaseExecutor.java:224)
	at com.kms.katalon.core.main.TestSuiteExecutor.accessTestCaseMainPhase(TestSuiteExecutor.java:129)
	at com.kms.katalon.core.main.TestSuiteExecutor.accessTestSuiteMainPhase(TestSuiteExecutor.java:112)
	at com.kms.katalon.core.main.TestSuiteExecutor.execute(TestSuiteExecutor.java:81)
	at com.kms.katalon.core.main.TestCaseMain.startTestSuite(TestCaseMain.java:149)
	at com.kms.katalon.core.main.TestCaseMain$startTestSuite$0.call(Unknown Source)
	at TempTestSuite1550411927400.run(TempTestSuite1550411927400.groovy:36)


2019-02-17 19:31:12 - [MESSAGE][INFO] - Unable to find the element located by 'By.xpath: //input[@id="ctl00_ctl00_cph1_cph1_ctrlCustomerRegister_CreateUserForm_CreateUserStepContainer_ddlCountry"]'. Please recheck the objects properties to make sure the desired element is located. 

2019-02-17 19:31:14 - [MESSAGE][FAILED] - Unable to select option by label 'India' of object 'Object Repository/Datadriven_OR/Datadriven1/Countrydropdown'  (Root cause: com.kms.katalon.core.webui.exception.WebElementNotFoundException: Web element with id: 'Object Repository/Datadriven_OR/Datadriven1/Countrydropdown' located by 'By.xpath: //input[@id="ctl00_ctl00_cph1_cph1_ctrlCustomerRegister_CreateUserForm_CreateUserStepContainer_ddlCountry"]' not found)
[[ATTACHMENT|C:\\Users\\Ramesh\\Katalon Studio\\Rameshbabu\\Reports\\Datadriven1nopcommerce\\20190217_192847\\1550412072223.png]]

2019-02-17 19:31:14 - [MESSAGE][FAILED] - selectOptionByLabel(findTestObject("Datadriven_OR/Datadriven1/Countrydropdown"), Country, false) FAILED.
Reason:
com.kms.katalon.core.exception.StepFailedException: Unable to select option by label 'India' of object 'Object Repository/Datadriven_OR/Datadriven1/Countrydropdown'  (Root cause: com.kms.katalon.core.webui.exception.WebElementNotFoundException: Web element with id: 'Object Repository/Datadriven_OR/Datadriven1/Countrydropdown' located by 'By.xpath: //input[@id="ctl00_ctl00_cph1_cph1_ctrlCustomerRegister_CreateUserForm_CreateUserStepContainer_ddlCountry"]' not found)
	at com.kms.katalon.core.keyword.internal.KeywordMain.stepFailed(KeywordMain.groovy:36)
	at com.kms.katalon.core.webui.keyword.internal.WebUIKeywordMain.stepFailed(WebUIKeywordMain.groovy:65)
	at com.kms.katalon.core.webui.keyword.internal.WebUIKeywordMain.runKeyword(WebUIKeywordMain.groovy:27)
	at com.kms.katalon.core.webui.keyword.builtin.SelectOptionByLabelKeyword.selectOptionByLabel(SelectOptionByLabelKeyword.groovy:98)
	at com.kms.katalon.core.webui.keyword.builtin.SelectOptionByLabelKeyword.execute(SelectOptionByLabelKeyword.groovy:71)
	at com.kms.katalon.core.keyword.internal.KeywordExecutor.executeKeywordForPlatform(KeywordExecutor.groovy:53)
	at com.kms.katalon.core.webui.keyword.WebUiBuiltInKeywords.selectOptionByLabel(WebUiBuiltInKeywords.groovy:1200)
	at com.kms.katalon.core.webui.keyword.WebUiBuiltInKeywords$selectOptionByLabel$3.call(Unknown Source)
	at Datadriven1nopcommerce.run(Datadriven1nopcommerce:30)
	at com.kms.katalon.core.main.ScriptEngine.run(ScriptEngine.java:194)
	at com.kms.katalon.core.main.ScriptEngine.runScriptAsRawText(ScriptEngine.java:119)
	at com.kms.katalon.core.main.TestCaseExecutor.runScript(TestCaseExecutor.java:328)
	at com.kms.katalon.core.main.TestCaseExecutor.doExecute(TestCaseExecutor.java:319)
	at com.kms.katalon.core.main.TestCaseExecutor.processExecutionPhase(TestCaseExecutor.java:298)
	at com.kms.katalon.core.main.TestCaseExecutor.accessMainPhase(TestCaseExecutor.java:290)
	at com.kms.katalon.core.main.TestCaseExecutor.execute(TestCaseExecutor.java:224)
	at com.kms.katalon.core.main.TestSuiteExecutor.accessTestCaseMainPhase(TestSuiteExecutor.java:129)
	at com.kms.katalon.core.main.TestSuiteExecutor.accessTestSuiteMainPhase(TestSuiteExecutor.java:112)
	at com.kms.katalon.core.main.TestSuiteExecutor.execute(TestSuiteExecutor.java:81)
	at com.kms.katalon.core.main.TestCaseMain.startTestSuite(TestCaseMain.java:149)
	at com.kms.katalon.core.main.TestCaseMain$startTestSuite$0.call(Unknown Source)
	at TempTestSuite1550411927400.run(TempTestSuite1550411927400.groovy:36)


2019-02-17 19:31:14 - [TEST_STEP][PASSED] - Start listener action : sampleAfterTestCase: Browser is closed

2019-02-17 19:31:14 - [TEST_STEP][PASSED] - println(testCaseContext.getTestCaseId()): null

2019-02-17 19:31:14 - [TEST_STEP][PASSED] - println(testCaseContext.getTestCaseStatus()): null

2019-02-17 19:31:14 - [TEST_STEP][PASSED] - closeBrowser(): Browser is closed

2019-02-17 19:31:17 - [MESSAGE][PASSED] - Browser is closed

2019-02-17 19:31:17 - [TEST_STEP][PASSED] - Start listener action : sampleAfterTestCase: null

2019-02-17 19:31:17 - [TEST_STEP][PASSED] - println(testCaseContext.getTestCaseId()): null

2019-02-17 19:31:17 - [TEST_STEP][PASSED] - println(testCaseContext.getTestCaseStatus()): null]]></system-out>
         <system-err><![CDATA[2019-02-17 19:30:08 - [TEST_CASE][FAILED] - Test Cases/Datadriven1nopcommerce: Test Cases/Datadriven1nopcommerce FAILED.
Reason:
com.kms.katalon.core.exception.StepFailedException: Unable to select option by label 'India' of object 'Object Repository/Datadriven_OR/Datadriven1/Countrydropdown'  (Root cause: com.kms.katalon.core.webui.exception.WebElementNotFoundException: Web element with id: 'Object Repository/Datadriven_OR/Datadriven1/Countrydropdown' located by 'By.xpath: //input[@id="ctl00_ctl00_cph1_cph1_ctrlCustomerRegister_CreateUserForm_CreateUserStepContainer_ddlCountry"]' not found)
	at com.kms.katalon.core.keyword.internal.KeywordMain.stepFailed(KeywordMain.groovy:36)
	at com.kms.katalon.core.webui.keyword.internal.WebUIKeywordMain.stepFailed(WebUIKeywordMain.groovy:65)
	at com.kms.katalon.core.webui.keyword.internal.WebUIKeywordMain.runKeyword(WebUIKeywordMain.groovy:27)
	at com.kms.katalon.core.webui.keyword.builtin.SelectOptionByLabelKeyword.selectOptionByLabel(SelectOptionByLabelKeyword.groovy:98)
	at com.kms.katalon.core.webui.keyword.builtin.SelectOptionByLabelKeyword.execute(SelectOptionByLabelKeyword.groovy:71)
	at com.kms.katalon.core.keyword.internal.KeywordExecutor.executeKeywordForPlatform(KeywordExecutor.groovy:53)
	at com.kms.katalon.core.webui.keyword.WebUiBuiltInKeywords.selectOptionByLabel(WebUiBuiltInKeywords.groovy:1200)
	at com.kms.katalon.core.webui.keyword.WebUiBuiltInKeywords$selectOptionByLabel$3.call(Unknown Source)
	at Datadriven1nopcommerce.run(Datadriven1nopcommerce:30)
	at com.kms.katalon.core.main.ScriptEngine.run(ScriptEngine.java:194)
	at com.kms.katalon.core.main.ScriptEngine.runScriptAsRawText(ScriptEngine.java:119)
	at com.kms.katalon.core.main.TestCaseExecutor.runScript(TestCaseExecutor.java:328)
	at com.kms.katalon.core.main.TestCaseExecutor.doExecute(TestCaseExecutor.java:319)
	at com.kms.katalon.core.main.TestCaseExecutor.processExecutionPhase(TestCaseExecutor.java:298)
	at com.kms.katalon.core.main.TestCaseExecutor.accessMainPhase(TestCaseExecutor.java:290)
	at com.kms.katalon.core.main.TestCaseExecutor.execute(TestCaseExecutor.java:224)
	at com.kms.katalon.core.main.TestSuiteExecutor.accessTestCaseMainPhase(TestSuiteExecutor.java:129)
	at com.kms.katalon.core.main.TestSuiteExecutor.accessTestSuiteMainPhase(TestSuiteExecutor.java:112)
	at com.kms.katalon.core.main.TestSuiteExecutor.execute(TestSuiteExecutor.java:81)
	at com.kms.katalon.core.main.TestCaseMain.startTestSuite(TestCaseMain.java:149)
	at com.kms.katalon.core.main.TestCaseMain$startTestSuite$0.call(Unknown Source)
	at TempTestSuite1550411927400.run(TempTestSuite1550411927400.groovy:36)]]></system-err>
      </testcase>
      <system-out><![CDATA[2019-02-17 19:28:54 - [TEST_SUITE][FAILED] - Datadriven1nopcommerce: Test Cases/Datadriven1nopcommerce FAILED.
Reason:
com.kms.katalon.core.exception.StepFailedException: Unable to select option by label 'India' of object 'Object Repository/Datadriven_OR/Datadriven1/Countrydropdown'  (Root cause: com.kms.katalon.core.webui.exception.WebElementNotFoundException: Web element with id: 'Object Repository/Datadriven_OR/Datadriven1/Countrydropdown' located by 'By.xpath: //input[@id="ctl00_ctl00_cph1_cph1_ctrlCustomerRegister_CreateUserForm_CreateUserStepContainer_ddlCountry"]' not found)
	at com.kms.katalon.core.keyword.internal.KeywordMain.stepFailed(KeywordMain.groovy:36)
	at com.kms.katalon.core.webui.keyword.internal.WebUIKeywordMain.stepFailed(WebUIKeywordMain.groovy:65)
	at com.kms.katalon.core.webui.keyword.internal.WebUIKeywordMain.runKeyword(WebUIKeywordMain.groovy:27)
	at com.kms.katalon.core.webui.keyword.builtin.SelectOptionByLabelKeyword.selectOptionByLabel(SelectOptionByLabelKeyword.groovy:98)
	at com.kms.katalon.core.webui.keyword.builtin.SelectOptionByLabelKeyword.execute(SelectOptionByLabelKeyword.groovy:71)
	at com.kms.katalon.core.keyword.internal.KeywordExecutor.executeKeywordForPlatform(KeywordExecutor.groovy:53)
	at com.kms.katalon.core.webui.keyword.WebUiBuiltInKeywords.selectOptionByLabel(WebUiBuiltInKeywords.groovy:1200)
	at com.kms.katalon.core.webui.keyword.WebUiBuiltInKeywords$selectOptionByLabel$3.call(Unknown Source)
	at Datadriven1nopcommerce.run(Datadriven1nopcommerce:30)
	at com.kms.katalon.core.main.ScriptEngine.run(ScriptEngine.java:194)
	at com.kms.katalon.core.main.ScriptEngine.runScriptAsRawText(ScriptEngine.java:119)
	at com.kms.katalon.core.main.TestCaseExecutor.runScript(TestCaseExecutor.java:328)
	at com.kms.katalon.core.main.TestCaseExecutor.doExecute(TestCaseExecutor.java:319)
	at com.kms.katalon.core.main.TestCaseExecutor.processExecutionPhase(TestCaseExecutor.java:298)
	at com.kms.katalon.core.main.TestCaseExecutor.accessMainPhase(TestCaseExecutor.java:290)
	at com.kms.katalon.core.main.TestCaseExecutor.execute(TestCaseExecutor.java:224)
	at com.kms.katalon.core.main.TestSuiteExecutor.accessTestCaseMainPhase(TestSuiteExecutor.java:129)
	at com.kms.katalon.core.main.TestSuiteExecutor.accessTestSuiteMainPhase(TestSuiteExecutor.java:112)
	at com.kms.katalon.core.main.TestSuiteExecutor.execute(TestSuiteExecutor.java:81)
	at com.kms.katalon.core.main.TestCaseMain.startTestSuite(TestCaseMain.java:149)
	at com.kms.katalon.core.main.TestCaseMain$startTestSuite$0.call(Unknown Source)
	at TempTestSuite1550411927400.run(TempTestSuite1550411927400.groovy:36)]]></system-out>
      <system-err><![CDATA[2019-02-17 19:28:54 - [TEST_SUITE][FAILED] - Datadriven1nopcommerce: Test Cases/Datadriven1nopcommerce FAILED.
Reason:
com.kms.katalon.core.exception.StepFailedException: Unable to select option by label 'India' of object 'Object Repository/Datadriven_OR/Datadriven1/Countrydropdown'  (Root cause: com.kms.katalon.core.webui.exception.WebElementNotFoundException: Web element with id: 'Object Repository/Datadriven_OR/Datadriven1/Countrydropdown' located by 'By.xpath: //input[@id="ctl00_ctl00_cph1_cph1_ctrlCustomerRegister_CreateUserForm_CreateUserStepContainer_ddlCountry"]' not found)
	at com.kms.katalon.core.keyword.internal.KeywordMain.stepFailed(KeywordMain.groovy:36)
	at com.kms.katalon.core.webui.keyword.internal.WebUIKeywordMain.stepFailed(WebUIKeywordMain.groovy:65)
	at com.kms.katalon.core.webui.keyword.internal.WebUIKeywordMain.runKeyword(WebUIKeywordMain.groovy:27)
	at com.kms.katalon.core.webui.keyword.builtin.SelectOptionByLabelKeyword.selectOptionByLabel(SelectOptionByLabelKeyword.groovy:98)
	at com.kms.katalon.core.webui.keyword.builtin.SelectOptionByLabelKeyword.execute(SelectOptionByLabelKeyword.groovy:71)
	at com.kms.katalon.core.keyword.internal.KeywordExecutor.executeKeywordForPlatform(KeywordExecutor.groovy:53)
	at com.kms.katalon.core.webui.keyword.WebUiBuiltInKeywords.selectOptionByLabel(WebUiBuiltInKeywords.groovy:1200)
	at com.kms.katalon.core.webui.keyword.WebUiBuiltInKeywords$selectOptionByLabel$3.call(Unknown Source)
	at Datadriven1nopcommerce.run(Datadriven1nopcommerce:30)
	at com.kms.katalon.core.main.ScriptEngine.run(ScriptEngine.java:194)
	at com.kms.katalon.core.main.ScriptEngine.runScriptAsRawText(ScriptEngine.java:119)
	at com.kms.katalon.core.main.TestCaseExecutor.runScript(TestCaseExecutor.java:328)
	at com.kms.katalon.core.main.TestCaseExecutor.doExecute(TestCaseExecutor.java:319)
	at com.kms.katalon.core.main.TestCaseExecutor.processExecutionPhase(TestCaseExecutor.java:298)
	at com.kms.katalon.core.main.TestCaseExecutor.accessMainPhase(TestCaseExecutor.java:290)
	at com.kms.katalon.core.main.TestCaseExecutor.execute(TestCaseExecutor.java:224)
	at com.kms.katalon.core.main.TestSuiteExecutor.accessTestCaseMainPhase(TestSuiteExecutor.java:129)
	at com.kms.katalon.core.main.TestSuiteExecutor.accessTestSuiteMainPhase(TestSuiteExecutor.java:112)
	at com.kms.katalon.core.main.TestSuiteExecutor.execute(TestSuiteExecutor.java:81)
	at com.kms.katalon.core.main.TestCaseMain.startTestSuite(TestCaseMain.java:149)
	at com.kms.katalon.core.main.TestCaseMain$startTestSuite$0.call(Unknown Source)
	at TempTestSuite1550411927400.run(TempTestSuite1550411927400.groovy:36)]]></system-err>
   </testsuite>
</testsuites>
